2022-09-18 18:03:05,123 WARNING   * Debugger is active!
2022-09-18 18:03:05,141 INFO      * Debugger PIN: 312-604-948
2022-09-18 18:03:07,633 INFO     Host sarted on port:5000
2022-09-18 18:03:10,496 INFO     [31m[1mWARNING: This is a development server. Do not use it in a production deployment. Use a production WSGI server instead.[0m
 * Running on http://127.0.0.1:5000
2022-09-18 18:03:10,496 INFO     [33mPress CTRL+C to quit[0m
2022-09-18 18:03:10,508 INFO      * Restarting with stat
2022-09-18 18:03:11,926 WARNING   * Debugger is active!
2022-09-18 18:03:11,941 INFO      * Debugger PIN: 312-604-948
2022-09-18 18:04:49,368 INFO      * Detected change in 'C:\\Users\\r.sooraj\\Desktop\\Python\\training\\assignment\\book\\book_service.py', reloading
2022-09-18 18:04:49,409 INFO      * Restarting with stat
2022-09-18 18:04:50,957 WARNING   * Debugger is active!
2022-09-18 18:04:50,972 INFO      * Debugger PIN: 312-604-948
2022-09-18 18:05:06,039 INFO     Initiated GET request
2022-09-18 18:05:06,043 INFO     127.0.0.1 - - [18/Sep/2022 18:05:06] "[33mGET /book/1 HTTP/1.1[0m" 404 -
2022-09-18 18:06:10,360 INFO      * Detected change in 'C:\\Users\\r.sooraj\\Desktop\\Python\\training\\assignment\\book\\book_service.py', reloading
2022-09-18 18:06:10,487 INFO      * Restarting with stat
2022-09-18 18:06:12,044 WARNING   * Debugger is active!
2022-09-18 18:06:12,059 INFO      * Debugger PIN: 312-604-948
2022-09-18 18:06:20,837 INFO     Initiated GET request
2022-09-18 18:06:20,838 WARNING  Item not found!
2022-09-18 18:06:20,839 INFO     127.0.0.1 - - [18/Sep/2022 18:06:20] "[33mGET /book/1 HTTP/1.1[0m" 404 -
2022-09-18 18:07:48,991 INFO      * Detected change in 'C:\\Users\\r.sooraj\\Desktop\\Python\\training\\assignment\\book\\book_service.py', reloading
2022-09-18 18:07:49,065 INFO      * Restarting with stat
2022-09-18 18:07:50,615 WARNING   * Debugger is active!
2022-09-18 18:07:50,627 INFO      * Debugger PIN: 312-604-948
2022-09-18 18:09:06,692 INFO      * Detected change in 'C:\\Users\\r.sooraj\\Desktop\\Python\\training\\assignment\\book\\book_service.py', reloading
2022-09-18 18:09:06,783 INFO      * Restarting with stat
2022-09-18 18:09:08,124 WARNING   * Debugger is active!
2022-09-18 18:09:08,140 INFO      * Debugger PIN: 312-604-948
2022-09-18 18:09:25,907 INFO      * Detected change in 'C:\\Users\\r.sooraj\\Desktop\\Python\\training\\assignment\\book\\book_service.py', reloading
2022-09-18 18:09:25,996 INFO      * Restarting with stat
2022-09-18 18:09:27,466 WARNING   * Debugger is active!
2022-09-18 18:09:27,478 INFO      * Debugger PIN: 312-604-948
2022-09-18 18:11:34,166 INFO      * Detected change in 'C:\\Users\\r.sooraj\\Desktop\\Python\\training\\assignment\\book\\book_service.py', reloading
2022-09-18 18:11:34,227 INFO      * Restarting with stat
2022-09-18 18:11:35,606 WARNING   * Debugger is active!
2022-09-18 18:11:35,618 INFO      * Debugger PIN: 312-604-948
2022-09-18 18:11:36,748 INFO      * Detected change in 'C:\\Users\\r.sooraj\\Desktop\\Python\\training\\assignment\\book\\book_service.py', reloading
2022-09-18 18:11:36,831 INFO      * Restarting with stat
2022-09-18 18:11:38,300 WARNING   * Debugger is active!
2022-09-18 18:11:38,314 INFO      * Debugger PIN: 312-604-948
2022-09-18 18:11:56,772 INFO      * Detected change in 'C:\\Users\\r.sooraj\\Desktop\\Python\\training\\assignment\\book\\book_service.py', reloading
2022-09-18 18:11:56,859 INFO      * Restarting with stat
2022-09-18 18:11:58,356 WARNING   * Debugger is active!
2022-09-18 18:11:58,369 INFO      * Debugger PIN: 312-604-948
2022-09-18 18:12:17,781 INFO      * Detected change in 'C:\\Users\\r.sooraj\\Desktop\\Python\\training\\assignment\\book\\book_service.py', reloading
2022-09-18 18:12:17,913 INFO      * Restarting with stat
2022-09-18 18:12:19,525 WARNING   * Debugger is active!
2022-09-18 18:12:19,536 INFO      * Debugger PIN: 312-604-948
2022-09-18 18:13:39,962 INFO      * Detected change in 'C:\\Users\\r.sooraj\\Desktop\\Python\\training\\assignment\\book\\book_service.py', reloading
2022-09-18 18:13:40,075 INFO      * Restarting with stat
2022-09-18 18:13:41,432 WARNING   * Debugger is active!
2022-09-18 18:13:41,444 INFO      * Debugger PIN: 312-604-948
2022-09-18 18:14:31,597 INFO      * Detected change in 'C:\\Users\\r.sooraj\\Desktop\\Python\\training\\assignment\\book\\book_service.py', reloading
2022-09-18 18:14:31,686 INFO      * Restarting with stat
2022-09-18 18:14:32,993 WARNING   * Debugger is active!
2022-09-18 18:14:33,005 INFO      * Debugger PIN: 312-604-948
2022-09-18 18:15:15,299 INFO      * Detected change in 'C:\\Users\\r.sooraj\\Desktop\\Python\\training\\assignment\\book\\book_service.py', reloading
2022-09-18 18:15:15,382 INFO      * Restarting with stat
2022-09-18 18:15:16,984 WARNING   * Debugger is active!
2022-09-18 18:15:16,998 INFO      * Debugger PIN: 312-604-948
2022-09-18 18:16:19,947 INFO      * Detected change in 'C:\\Users\\r.sooraj\\Desktop\\Python\\training\\assignment\\book\\book_service.py', reloading
2022-09-18 18:16:20,001 INFO      * Restarting with stat
2022-09-18 18:16:21,368 WARNING   * Debugger is active!
2022-09-18 18:16:21,388 INFO      * Debugger PIN: 312-604-948
2022-09-18 18:17:06,391 INFO      * Detected change in 'C:\\Users\\r.sooraj\\Desktop\\Python\\training\\assignment\\book\\book_service.py', reloading
2022-09-18 18:17:06,450 INFO      * Restarting with stat
2022-09-18 18:17:07,945 WARNING   * Debugger is active!
2022-09-18 18:17:07,957 INFO      * Debugger PIN: 312-604-948
2022-09-18 18:19:00,160 INFO      * Detected change in 'C:\\Users\\r.sooraj\\Desktop\\Python\\training\\assignment\\book\\book_service.py', reloading
2022-09-18 18:19:00,240 INFO      * Restarting with stat
2022-09-18 18:19:01,691 WARNING   * Debugger is active!
2022-09-18 18:19:01,705 INFO      * Debugger PIN: 312-604-948
2022-09-18 18:19:38,634 INFO      * Detected change in 'C:\\Users\\r.sooraj\\Desktop\\Python\\training\\assignment\\book\\book_service.py', reloading
2022-09-18 18:19:38,714 INFO      * Restarting with stat
2022-09-18 18:19:40,074 WARNING   * Debugger is active!
2022-09-18 18:19:40,087 INFO      * Debugger PIN: 312-604-948
2022-09-18 18:19:42,293 INFO      * Detected change in 'C:\\Users\\r.sooraj\\Desktop\\Python\\training\\assignment\\book\\book_service.py', reloading
2022-09-18 18:19:42,352 INFO      * Restarting with stat
2022-09-18 18:19:43,708 WARNING   * Debugger is active!
2022-09-18 18:19:43,722 INFO      * Debugger PIN: 312-604-948
2022-09-18 18:19:56,875 INFO      * Detected change in 'C:\\Users\\r.sooraj\\Desktop\\Python\\training\\assignment\\book\\book_service.py', reloading
2022-09-18 18:19:56,941 INFO      * Restarting with stat
2022-09-18 18:19:58,494 WARNING   * Debugger is active!
2022-09-18 18:19:58,508 INFO      * Debugger PIN: 312-604-948
2022-09-18 18:20:55,396 INFO     GET  method initiated
2022-09-18 18:20:55,397 INFO     Item returned!
2022-09-18 18:20:55,399 INFO     127.0.0.1 - - [18/Sep/2022 18:20:55] "GET /book/4 HTTP/1.1" 200 -
2022-09-18 18:21:42,382 INFO     DELETE method initiated!
2022-09-18 18:21:42,384 WARNING  Item does not exists! @ BookService.delete()
2022-09-18 18:21:42,386 INFO     127.0.0.1 - - [18/Sep/2022 18:21:42] "DELETE /book/3 HTTP/1.1" 200 -
2022-09-18 18:21:54,099 INFO     DELETE method initiated!
2022-09-18 18:21:54,110 INFO     Item deleted!
2022-09-18 18:21:54,110 INFO     127.0.0.1 - - [18/Sep/2022 18:21:54] "DELETE /book/4 HTTP/1.1" 200 -
2022-09-18 18:22:45,204 INFO     POST method initiated!
2022-09-18 18:22:45,216 INFO     Item inserted!
2022-09-18 18:22:45,217 INFO     127.0.0.1 - - [18/Sep/2022 18:22:45] "[35m[1mPOST /book/%3Cname%3E HTTP/1.1[0m" 201 -
2022-09-18 18:23:12,318 INFO     PUT method initiated
2022-09-18 18:23:12,329 INFO     Item updated!
2022-09-18 18:23:12,330 INFO     127.0.0.1 - - [18/Sep/2022 18:23:12] "PUT /book/1 HTTP/1.1" 200 -
2022-09-18 18:24:48,166 INFO      * Detected change in 'C:\\Users\\r.sooraj\\Desktop\\Python\\training\\assignment\\book\\book_dao.py', reloading
2022-09-18 18:24:48,275 INFO      * Restarting with stat
2022-09-18 18:24:49,925 WARNING   * Debugger is active!
2022-09-18 18:24:49,965 INFO      * Debugger PIN: 312-604-948
2022-09-18 18:25:42,581 INFO      * Detected change in 'C:\\Users\\r.sooraj\\Desktop\\Python\\training\\assignment\\book\\book_dao.py', reloading
2022-09-18 18:25:42,698 INFO      * Restarting with stat
2022-09-18 18:25:44,213 WARNING   * Debugger is active!
2022-09-18 18:25:44,227 INFO      * Debugger PIN: 312-604-948
2022-09-18 18:27:59,355 INFO      * Detected change in 'C:\\Users\\r.sooraj\\Desktop\\Python\\training\\assignment\\book\\book_dao.py', reloading
2022-09-18 18:27:59,452 INFO      * Restarting with stat
2022-09-18 18:28:01,033 WARNING   * Debugger is active!
2022-09-18 18:28:01,057 INFO      * Debugger PIN: 312-604-948
2022-09-18 18:28:46,223 INFO      * Detected change in 'C:\\Users\\r.sooraj\\Desktop\\Python\\training\\assignment\\book\\book_dao.py', reloading
2022-09-18 18:28:46,349 INFO      * Restarting with stat
2022-09-18 18:28:47,821 WARNING   * Debugger is active!
2022-09-18 18:28:47,835 INFO      * Debugger PIN: 312-604-948
2022-09-18 18:29:07,616 INFO      * Detected change in 'C:\\Users\\r.sooraj\\Desktop\\Python\\training\\assignment\\book\\book_dao.py', reloading
2022-09-18 18:29:07,683 INFO      * Restarting with stat
2022-09-18 18:29:09,069 WARNING   * Debugger is active!
2022-09-18 18:29:09,081 INFO      * Debugger PIN: 312-604-948
2022-09-18 18:29:10,235 INFO      * Detected change in 'C:\\Users\\r.sooraj\\Desktop\\Python\\training\\assignment\\book\\book_dao.py', reloading
2022-09-18 18:29:10,295 INFO      * Restarting with stat
2022-09-18 18:29:12,077 WARNING   * Debugger is active!
2022-09-18 18:29:12,097 INFO      * Debugger PIN: 312-604-948
2022-09-18 18:29:28,862 INFO      * Detected change in 'C:\\Users\\r.sooraj\\Desktop\\Python\\training\\assignment\\book\\book_service.py', reloading
2022-09-18 18:29:28,931 INFO      * Restarting with stat
2022-09-18 18:29:30,775 WARNING   * Debugger is active!
2022-09-18 18:29:30,790 INFO      * Debugger PIN: 312-604-948
2022-09-18 18:50:32,069 INFO      * Detected change in 'C:\\Users\\r.sooraj\\Desktop\\Python\\training\\assignment\\book\\app.py', reloading
2022-09-18 18:50:32,145 INFO      * Restarting with stat
2022-09-18 18:50:33,502 WARNING   * Debugger is active!
2022-09-18 18:50:33,514 INFO      * Debugger PIN: 312-604-948
2022-09-18 18:51:23,158 INFO      * Detected change in 'C:\\Users\\r.sooraj\\Desktop\\Python\\training\\assignment\\book\\app.py', reloading
2022-09-18 18:51:23,213 INFO      * Restarting with stat
2022-09-18 18:51:24,726 WARNING   * Debugger is active!
2022-09-18 18:51:24,739 INFO      * Debugger PIN: 312-604-948
2022-09-18 18:51:52,950 INFO      * Detected change in 'C:\\Users\\r.sooraj\\Desktop\\Python\\training\\assignment\\book\\app.py', reloading
2022-09-18 18:51:53,039 INFO      * Restarting with stat
2022-09-18 18:51:54,615 WARNING   * Debugger is active!
2022-09-18 18:51:54,627 INFO      * Debugger PIN: 312-604-948
2022-09-18 18:52:09,379 INFO      * Detected change in 'C:\\Users\\r.sooraj\\Desktop\\Python\\training\\assignment\\book\\book_service.py', reloading
2022-09-18 18:52:09,429 INFO      * Restarting with stat
2022-09-18 18:52:10,857 WARNING   * Debugger is active!
2022-09-18 18:52:10,871 INFO      * Debugger PIN: 312-604-948
2022-09-18 19:14:38,136 INFO      * Detected change in 'C:\\Users\\r.sooraj\\Desktop\\Python\\training\\assignment\\book\\book_service.py', reloading
2022-09-18 19:14:38,217 INFO      * Restarting with stat
2022-09-18 19:14:39,667 WARNING   * Debugger is active!
2022-09-18 19:14:39,678 INFO      * Debugger PIN: 312-604-948
2022-09-18 19:14:56,632 INFO     Host sarted on port:5000
2022-09-18 19:14:56,699 INFO     Host sarted on port:5000
2022-09-18 19:24:40,246 INFO     [31m[1mWARNING: This is a development server. Do not use it in a production deployment. Use a production WSGI server instead.[0m
 * Running on http://127.0.0.1:5000
2022-09-18 19:24:40,246 INFO     [33mPress CTRL+C to quit[0m
2022-09-18 19:24:40,256 INFO      * Restarting with stat
2022-09-18 19:24:41,551 WARNING   * Debugger is active!
2022-09-18 19:24:41,563 INFO      * Debugger PIN: 312-604-948
2022-09-18 19:40:08,301 INFO      * Detected change in 'C:\\Users\\r.sooraj\\Desktop\\Python\\training\\assignment\\book\\book_dao.py', reloading
2022-09-18 19:40:08,365 INFO      * Restarting with stat
2022-09-18 19:40:09,792 WARNING   * Debugger is active!
2022-09-18 19:40:09,802 INFO      * Debugger PIN: 312-604-948
2022-09-18 19:40:32,517 INFO      * Detected change in 'C:\\Users\\r.sooraj\\Desktop\\Python\\training\\assignment\\book\\book_dao.py', reloading
2022-09-18 19:40:32,577 INFO      * Restarting with stat
2022-09-18 19:40:33,967 WARNING   * Debugger is active!
2022-09-18 19:40:33,981 INFO      * Debugger PIN: 312-604-948
2022-09-18 19:41:13,368 INFO      * Detected change in 'C:\\Users\\r.sooraj\\Desktop\\Python\\training\\assignment\\book\\book_dao.py', reloading
2022-09-18 19:41:13,442 INFO      * Restarting with stat
2022-09-18 19:41:14,796 WARNING   * Debugger is active!
2022-09-18 19:41:14,810 INFO      * Debugger PIN: 312-604-948
2022-09-18 19:41:22,506 INFO      * Detected change in 'C:\\Users\\r.sooraj\\Desktop\\Python\\training\\assignment\\book\\book_dao.py', reloading
2022-09-18 19:41:22,594 INFO      * Restarting with stat
2022-09-18 19:41:23,971 WARNING   * Debugger is active!
2022-09-18 19:41:23,984 INFO      * Debugger PIN: 312-604-948
2022-09-18 20:02:53,827 INFO     Host sarted on port:5000
2022-09-18 20:02:53,957 INFO     Host sarted on port:5000
2022-09-18 20:02:58,440 INFO     [31m[1mWARNING: This is a development server. Do not use it in a production deployment. Use a production WSGI server instead.[0m
 * Running on http://127.0.0.1:5000
2022-09-18 20:02:58,440 INFO     [33mPress CTRL+C to quit[0m
2022-09-18 20:02:58,451 INFO      * Restarting with stat
2022-09-18 20:02:59,809 WARNING   * Debugger is active!
2022-09-18 20:02:59,821 INFO      * Debugger PIN: 312-604-948
2022-09-18 20:03:04,127 INFO     Host sarted on port:5000
2022-09-18 20:03:04,268 INFO     Host sarted on port:5000
2022-09-18 20:03:07,086 INFO     [31m[1mWARNING: This is a development server. Do not use it in a production deployment. Use a production WSGI server instead.[0m
 * Running on http://127.0.0.1:5000
2022-09-18 20:03:07,086 INFO     [33mPress CTRL+C to quit[0m
2022-09-18 20:03:07,098 INFO      * Restarting with stat
2022-09-18 20:03:08,409 WARNING   * Debugger is active!
2022-09-18 20:03:08,421 INFO      * Debugger PIN: 312-604-948
2022-09-18 20:03:11,224 INFO     Host sarted on port:5000
2022-09-18 20:03:11,365 INFO     Host sarted on port:5000
2022-09-18 20:03:22,040 INFO     [31m[1mWARNING: This is a development server. Do not use it in a production deployment. Use a production WSGI server instead.[0m
 * Running on http://127.0.0.1:5000
2022-09-18 20:03:22,040 INFO     [33mPress CTRL+C to quit[0m
2022-09-18 20:03:22,051 INFO      * Restarting with stat
2022-09-18 20:03:23,368 WARNING   * Debugger is active!
2022-09-18 20:03:23,379 INFO      * Debugger PIN: 312-604-948
2022-09-18 20:28:25,744 INFO      * Detected change in 'C:\\Users\\r.sooraj\\Desktop\\Python\\training\\assignment\\book\\book_dao.py', reloading
2022-09-18 20:28:25,847 INFO      * Restarting with stat
2022-09-18 20:28:27,431 WARNING   * Debugger is active!
2022-09-18 20:28:27,442 INFO      * Debugger PIN: 312-604-948
2022-09-18 20:28:40,492 INFO      * Detected change in 'C:\\Users\\r.sooraj\\Desktop\\Python\\training\\assignment\\book\\book_dao.py', reloading
2022-09-18 20:28:40,562 INFO      * Restarting with stat
2022-09-18 20:28:41,888 WARNING   * Debugger is active!
2022-09-18 20:28:41,899 INFO      * Debugger PIN: 312-604-948
2022-09-18 20:29:35,438 INFO      * Detected change in 'C:\\Users\\r.sooraj\\Desktop\\Python\\training\\assignment\\book\\book_service.py', reloading
2022-09-18 20:29:35,568 INFO      * Restarting with stat
2022-09-18 20:29:37,171 WARNING   * Debugger is active!
2022-09-18 20:29:37,185 INFO      * Debugger PIN: 312-604-948
2022-09-18 20:46:23,886 INFO     PUT method initiated
2022-09-18 20:46:23,902 INFO     Item updated!
2022-09-18 20:46:23,903 INFO     127.0.0.1 - - [18/Sep/2022 20:46:23] "PUT /book/1 HTTP/1.1" 200 -
2022-09-18 20:46:42,260 INFO     GET  method initiated
2022-09-18 20:46:42,263 WARNING  Item not found!
2022-09-18 20:46:42,265 INFO     127.0.0.1 - - [18/Sep/2022 20:46:42] "[33mGET /book/4 HTTP/1.1[0m" 404 -
2022-09-18 20:46:45,318 INFO     GET  method initiated
2022-09-18 20:46:45,318 WARNING  Item not found!
2022-09-18 20:46:45,319 INFO     127.0.0.1 - - [18/Sep/2022 20:46:45] "[33mGET /book/4 HTTP/1.1[0m" 404 -
2022-09-18 20:46:54,837 INFO     GET  method initiated
2022-09-18 20:46:54,838 WARNING  Item not found!
2022-09-18 20:46:54,840 INFO     127.0.0.1 - - [18/Sep/2022 20:46:54] "[33mGET /book/4 HTTP/1.1[0m" 404 -
2022-09-18 20:47:04,747 INFO     GET method initiated!
2022-09-18 20:47:04,748 INFO     Items returned!
2022-09-18 20:47:04,749 INFO     127.0.0.1 - - [18/Sep/2022 20:47:04] "GET /books HTTP/1.1" 200 -
2022-09-18 20:51:00,991 INFO     GET method initiated!
2022-09-18 20:51:00,992 INFO     Items returned!
2022-09-18 20:51:00,992 INFO     127.0.0.1 - - [18/Sep/2022 20:51:00] "GET /books HTTP/1.1" 200 -
2022-09-18 20:53:50,385 INFO      * Detected change in 'C:\\Users\\r.sooraj\\Desktop\\Python\\training\\assignment\\book\\query_config.py', reloading
2022-09-18 20:53:50,470 INFO      * Restarting with stat
2022-09-18 20:53:51,875 WARNING   * Debugger is active!
2022-09-18 20:53:51,888 INFO      * Debugger PIN: 312-604-948
2022-09-18 20:53:53,037 INFO      * Detected change in 'C:\\Users\\r.sooraj\\Desktop\\Python\\training\\assignment\\book\\query_config.py', reloading
2022-09-18 20:53:53,133 INFO      * Restarting with stat
2022-09-18 20:53:54,703 WARNING   * Debugger is active!
2022-09-18 20:53:54,715 INFO      * Debugger PIN: 312-604-948
2022-09-18 20:54:01,074 INFO     GET method initiated!
2022-09-18 20:54:01,075 INFO     Items returned!
2022-09-18 20:54:01,076 INFO     127.0.0.1 - - [18/Sep/2022 20:54:01] "GET /books HTTP/1.1" 200 -
2022-09-19 11:20:18,809 INFO     Host sarted on port:5000
2022-09-19 11:20:18,868 INFO     Host sarted on port:5000
2022-09-19 11:20:22,646 INFO     [31m[1mWARNING: This is a development server. Do not use it in a production deployment. Use a production WSGI server instead.[0m
 * Running on http://127.0.0.1:5000
2022-09-19 11:20:22,646 INFO     [33mPress CTRL+C to quit[0m
2022-09-19 11:20:22,656 INFO      * Restarting with stat
2022-09-19 11:20:23,756 WARNING   * Debugger is active!
2022-09-19 11:20:23,768 INFO      * Debugger PIN: 312-604-948
2022-09-19 11:20:40,275 INFO     GET method initiated!
2022-09-19 11:20:40,276 INFO     Items returned!
2022-09-19 11:20:40,277 INFO     127.0.0.1 - - [19/Sep/2022 11:20:40] "GET /books HTTP/1.1" 200 -
2022-09-19 11:20:57,444 INFO     GET  method initiated
2022-09-19 11:20:57,445 INFO     Item returned!
2022-09-19 11:20:57,445 INFO     127.0.0.1 - - [19/Sep/2022 11:20:57] "GET /book/8 HTTP/1.1" 200 -
2022-09-19 11:22:55,769 INFO     DELETE method initiated!
2022-09-19 11:22:55,770 WARNING  Item does not exists! @ BookService.delete()
2022-09-19 11:22:55,771 INFO     127.0.0.1 - - [19/Sep/2022 11:22:55] "DELETE /book/2222 HTTP/1.1" 200 -
2022-09-19 11:23:00,482 INFO     DELETE method initiated!
2022-09-19 11:23:00,492 INFO     Item deleted!
2022-09-19 11:23:00,492 INFO     127.0.0.1 - - [19/Sep/2022 11:23:00] "DELETE /book/7 HTTP/1.1" 200 -
2022-09-19 11:23:37,004 INFO     POST method initiated!
2022-09-19 11:23:37,014 INFO     Item inserted!
2022-09-19 11:23:37,015 INFO     127.0.0.1 - - [19/Sep/2022 11:23:37] "[35m[1mPOST /book/%3Cname%3E HTTP/1.1[0m" 201 -
2022-09-19 11:24:14,559 INFO     PUT method initiated
2022-09-19 11:24:14,563 INFO     Item updated!
2022-09-19 11:24:14,563 INFO     127.0.0.1 - - [19/Sep/2022 11:24:14] "PUT /book/1 HTTP/1.1" 200 -
2022-09-19 11:24:19,012 INFO     GET method initiated!
2022-09-19 11:24:19,014 INFO     Items returned!
2022-09-19 11:24:19,014 INFO     127.0.0.1 - - [19/Sep/2022 11:24:19] "GET /books HTTP/1.1" 200 -
2022-09-19 14:03:21,165 INFO      * Detected change in 'C:\\Users\\r.sooraj\\Desktop\\Python\\training\\assignment\\book\\app.py', reloading
2022-09-19 14:03:21,208 INFO      * Restarting with stat
2022-09-19 14:03:23,776 WARNING   * Debugger is active!
2022-09-19 14:03:23,787 INFO      * Debugger PIN: 312-604-948
2022-09-19 14:03:43,986 INFO     127.0.0.1 - - [19/Sep/2022 14:03:43] "[33mGET /books/ HTTP/1.1[0m" 404 -
2022-09-19 14:03:57,823 INFO     DELETE method initiated!
2022-09-19 14:03:57,823 WARNING  Item does not exists! @ BookService.delete()
2022-09-19 14:03:57,824 INFO     127.0.0.1 - - [19/Sep/2022 14:03:57] "DELETE /books/7 HTTP/1.1" 200 -
2022-09-19 14:04:39,162 INFO     PUT method initiated
2022-09-19 14:04:39,177 INFO     Item updated!
2022-09-19 14:04:39,178 INFO     127.0.0.1 - - [19/Sep/2022 14:04:39] "PUT /books/1 HTTP/1.1" 200 -
2022-09-19 14:05:52,962 INFO     GET method initiated!
2022-09-19 14:05:52,971 INFO     Items returned!
2022-09-19 14:05:52,972 INFO     127.0.0.1 - - [19/Sep/2022 14:05:52] "GET /books HTTP/1.1" 200 -
2022-09-19 14:15:45,765 INFO      * Detected change in 'C:\\Users\\r.sooraj\\Desktop\\Python\\training\\assignment\\book\\book_service.py', reloading
2022-09-19 14:15:45,806 INFO      * Restarting with stat
2022-09-19 14:15:46,934 WARNING   * Debugger is active!
2022-09-19 14:15:46,950 INFO      * Debugger PIN: 312-604-948
2022-09-19 14:21:20,094 INFO      * Detected change in 'C:\\Users\\r.sooraj\\Desktop\\Python\\training\\assignment\\book\\book_service.py', reloading
2022-09-19 14:21:20,135 INFO      * Restarting with stat
2022-09-19 14:21:21,306 WARNING   * Debugger is active!
2022-09-19 14:21:21,318 INFO      * Debugger PIN: 312-604-948
2022-09-19 14:34:40,136 INFO      * Detected change in 'C:\\Users\\r.sooraj\\Desktop\\Python\\training\\assignment\\book\\book_service.py', reloading
2022-09-19 14:34:40,176 INFO      * Restarting with stat
2022-09-19 14:34:41,288 WARNING   * Debugger is active!
2022-09-19 14:34:41,299 INFO      * Debugger PIN: 312-604-948
2022-09-19 14:34:57,251 INFO      * Detected change in 'C:\\Users\\r.sooraj\\Desktop\\Python\\training\\assignment\\book\\book_service.py', reloading
2022-09-19 14:34:57,301 INFO      * Restarting with stat
2022-09-19 14:34:58,391 WARNING   * Debugger is active!
2022-09-19 14:34:58,408 INFO      * Debugger PIN: 312-604-948
2022-09-19 14:35:36,450 INFO      * Detected change in 'C:\\Users\\r.sooraj\\Desktop\\Python\\training\\assignment\\book\\book_service.py', reloading
2022-09-19 14:35:36,493 INFO      * Restarting with stat
2022-09-19 14:35:37,576 WARNING   * Debugger is active!
2022-09-19 14:35:37,590 INFO      * Debugger PIN: 312-604-948
2022-09-19 14:35:46,203 INFO      * Detected change in 'C:\\Users\\r.sooraj\\Desktop\\Python\\training\\assignment\\book\\book_service.py', reloading
2022-09-19 14:35:46,243 INFO      * Restarting with stat
2022-09-19 14:35:47,377 WARNING   * Debugger is active!
2022-09-19 14:35:47,390 INFO      * Debugger PIN: 312-604-948
2022-09-19 14:36:23,298 INFO      * Detected change in 'C:\\Users\\r.sooraj\\Desktop\\Python\\training\\assignment\\book\\book_service.py', reloading
2022-09-19 14:36:23,340 INFO      * Restarting with stat
2022-09-19 14:36:24,387 WARNING   * Debugger is active!
2022-09-19 14:36:24,399 INFO      * Debugger PIN: 312-604-948
2022-09-19 14:36:29,777 INFO      * Detected change in 'C:\\Users\\r.sooraj\\Desktop\\Python\\training\\assignment\\book\\book_service.py', reloading
2022-09-19 14:36:29,817 INFO      * Restarting with stat
2022-09-19 14:36:31,027 WARNING   * Debugger is active!
2022-09-19 14:36:31,040 INFO      * Debugger PIN: 312-604-948
2022-09-19 14:37:31,331 INFO      * Detected change in 'C:\\Users\\r.sooraj\\Desktop\\Python\\training\\assignment\\book\\book_dao.py', reloading
2022-09-19 14:37:31,380 INFO      * Restarting with stat
2022-09-19 14:37:32,513 WARNING   * Debugger is active!
2022-09-19 14:37:32,524 INFO      * Debugger PIN: 312-604-948
2022-09-19 14:38:27,665 INFO      * Detected change in 'C:\\Users\\r.sooraj\\Desktop\\Python\\training\\assignment\\book\\book_dao.py', reloading
2022-09-19 14:38:27,717 INFO      * Restarting with stat
2022-09-19 14:38:28,829 WARNING   * Debugger is active!
2022-09-19 14:38:28,843 INFO      * Debugger PIN: 312-604-948
2022-09-19 14:40:27,527 INFO      * Detected change in 'C:\\Users\\r.sooraj\\Desktop\\Python\\training\\assignment\\book\\book_dao.py', reloading
2022-09-19 14:40:27,566 INFO      * Restarting with stat
2022-09-19 14:40:28,661 WARNING   * Debugger is active!
2022-09-19 14:40:28,671 INFO      * Debugger PIN: 312-604-948
2022-09-19 14:44:36,628 INFO      * Detected change in 'C:\\Users\\r.sooraj\\Desktop\\Python\\training\\assignment\\book\\book_dao.py', reloading
2022-09-19 14:44:36,669 INFO      * Restarting with stat
2022-09-19 14:44:37,934 WARNING   * Debugger is active!
2022-09-19 14:44:37,955 INFO      * Debugger PIN: 312-604-948
2022-09-19 14:45:58,568 INFO      * Detected change in 'C:\\Users\\r.sooraj\\Desktop\\Python\\training\\assignment\\book\\book_dao.py', reloading
2022-09-19 14:45:58,611 INFO      * Restarting with stat
2022-09-19 14:45:59,710 WARNING   * Debugger is active!
2022-09-19 14:45:59,721 INFO      * Debugger PIN: 312-604-948
2022-09-19 14:46:55,822 INFO      * Detected change in 'C:\\Users\\r.sooraj\\Desktop\\Python\\training\\assignment\\book\\book_dao.py', reloading
2022-09-19 14:46:55,871 INFO      * Restarting with stat
2022-09-19 14:46:56,996 WARNING   * Debugger is active!
2022-09-19 14:46:57,008 INFO      * Debugger PIN: 312-604-948
2022-09-19 14:47:04,405 INFO      * Detected change in 'C:\\Users\\r.sooraj\\Desktop\\Python\\training\\assignment\\book\\book_dao.py', reloading
2022-09-19 14:47:04,449 INFO      * Restarting with stat
2022-09-19 14:47:05,612 WARNING   * Debugger is active!
2022-09-19 14:47:05,623 INFO      * Debugger PIN: 312-604-948
2022-09-19 14:47:43,680 INFO      * Detected change in 'C:\\Users\\r.sooraj\\Desktop\\Python\\training\\assignment\\book\\book_dao.py', reloading
2022-09-19 14:47:43,744 INFO      * Restarting with stat
2022-09-19 14:47:44,907 WARNING   * Debugger is active!
2022-09-19 14:47:44,917 INFO      * Debugger PIN: 312-604-948
2022-09-19 14:48:37,946 INFO      * Detected change in 'C:\\Users\\r.sooraj\\Desktop\\Python\\training\\assignment\\book\\book_service.py', reloading
2022-09-19 14:48:37,988 INFO      * Restarting with stat
2022-09-19 14:52:17,836 INFO     [31m[1mWARNING: This is a development server. Do not use it in a production deployment. Use a production WSGI server instead.[0m
 * Running on http://127.0.0.1:5000
2022-09-19 14:52:17,836 INFO     [33mPress CTRL+C to quit[0m
2022-09-19 14:52:17,845 INFO      * Restarting with stat
2022-09-19 14:52:18,861 WARNING   * Debugger is active!
2022-09-19 14:52:18,871 INFO      * Debugger PIN: 312-604-948
2022-09-19 14:52:23,328 INFO     GET method initiated!
2022-09-19 14:52:23,330 INFO     Items returned!
2022-09-19 14:52:23,330 INFO     127.0.0.1 - - [19/Sep/2022 14:52:23] "GET /books HTTP/1.1" 200 -
2022-09-19 14:52:25,754 INFO     GET method initiated!
2022-09-19 14:52:25,756 INFO     Items returned!
2022-09-19 14:52:25,757 INFO     127.0.0.1 - - [19/Sep/2022 14:52:25] "GET /books HTTP/1.1" 200 -
2022-09-19 15:04:40,531 INFO      * Detected change in 'C:\\Users\\r.sooraj\\Desktop\\Python\\training\\assignment\\book\\book_service.py', reloading
2022-09-19 15:04:40,570 INFO      * Restarting with stat
2022-09-19 15:04:41,720 WARNING   * Debugger is active!
2022-09-19 15:04:41,732 INFO      * Debugger PIN: 312-604-948
2022-09-19 15:05:40,610 INFO      * Detected change in 'C:\\Users\\r.sooraj\\Desktop\\Python\\training\\assignment\\book\\book_service.py', reloading
2022-09-19 15:05:40,654 INFO      * Restarting with stat
2022-09-19 15:05:41,868 WARNING   * Debugger is active!
2022-09-19 15:05:41,886 INFO      * Debugger PIN: 312-604-948
2022-09-19 15:12:32,890 INFO      * Detected change in 'C:\\Users\\r.sooraj\\Desktop\\Python\\training\\assignment\\book\\book_service.py', reloading
2022-09-19 15:12:32,950 INFO      * Restarting with stat
2022-09-19 15:12:34,215 WARNING   * Debugger is active!
2022-09-19 15:12:34,226 INFO      * Debugger PIN: 312-604-948
2022-09-19 15:13:16,612 INFO      * Detected change in 'C:\\Users\\r.sooraj\\Desktop\\Python\\training\\assignment\\book\\book_service.py', reloading
2022-09-19 15:13:16,655 INFO      * Restarting with stat
2022-09-19 15:13:17,774 WARNING   * Debugger is active!
2022-09-19 15:13:17,792 INFO      * Debugger PIN: 312-604-948
2022-09-19 15:13:40,014 INFO      * Detected change in 'C:\\Users\\r.sooraj\\Desktop\\Python\\training\\assignment\\book\\book_service.py', reloading
2022-09-19 15:13:40,062 INFO      * Restarting with stat
2022-09-19 15:13:41,116 WARNING   * Debugger is active!
2022-09-19 15:13:41,127 INFO      * Debugger PIN: 312-604-948
2022-09-19 15:14:53,205 INFO      * Detected change in 'C:\\Users\\r.sooraj\\Desktop\\Python\\training\\assignment\\book\\book_service.py', reloading
2022-09-19 15:14:53,262 INFO      * Restarting with stat
2022-09-19 15:14:54,473 WARNING   * Debugger is active!
2022-09-19 15:14:54,484 INFO      * Debugger PIN: 312-604-948
2022-09-19 15:15:04,008 INFO      * Detected change in 'C:\\Users\\r.sooraj\\Desktop\\Python\\training\\assignment\\book\\book_service.py', reloading
2022-09-19 15:15:04,051 INFO      * Restarting with stat
2022-09-19 15:15:05,142 WARNING   * Debugger is active!
2022-09-19 15:15:05,153 INFO      * Debugger PIN: 312-604-948
2022-09-19 15:15:57,137 INFO      * Detected change in 'C:\\Users\\r.sooraj\\Desktop\\Python\\training\\assignment\\book\\book_service.py', reloading
2022-09-19 15:15:57,184 INFO      * Restarting with stat
2022-09-19 15:15:58,321 WARNING   * Debugger is active!
2022-09-19 15:15:58,334 INFO      * Debugger PIN: 312-604-948
2022-09-19 15:16:42,862 INFO      * Detected change in 'C:\\Users\\r.sooraj\\Desktop\\Python\\training\\assignment\\book\\book_service.py', reloading
2022-09-19 15:16:42,922 INFO      * Restarting with stat
2022-09-19 15:16:44,008 WARNING   * Debugger is active!
2022-09-19 15:16:44,020 INFO      * Debugger PIN: 312-604-948
2022-09-19 15:18:26,731 INFO      * Detected change in 'C:\\Users\\r.sooraj\\Desktop\\Python\\training\\assignment\\book\\book_service.py', reloading
2022-09-19 15:18:26,797 INFO      * Restarting with stat
2022-09-19 15:18:27,996 WARNING   * Debugger is active!
2022-09-19 15:18:28,008 INFO      * Debugger PIN: 312-604-948
2022-09-19 15:18:38,460 INFO     GET  method initiated
2022-09-19 15:18:38,460 WARNING  Item not found!
2022-09-19 15:18:38,460 INFO     127.0.0.1 - - [19/Sep/2022 15:18:38] "[33mGET /books/1 HTTP/1.1[0m" 404 -
2022-09-19 15:18:50,429 INFO      * Detected change in 'C:\\Users\\r.sooraj\\Desktop\\Python\\training\\assignment\\book\\book_service.py', reloading
2022-09-19 15:18:50,483 INFO      * Restarting with stat
2022-09-19 15:18:51,627 WARNING   * Debugger is active!
2022-09-19 15:18:51,638 INFO      * Debugger PIN: 312-604-948
2022-09-19 15:18:52,516 INFO     GET  method initiated
2022-09-19 15:18:52,517 WARNING  Item not found!aa
2022-09-19 15:18:52,519 INFO     127.0.0.1 - - [19/Sep/2022 15:18:52] "[33mGET /books/1 HTTP/1.1[0m" 404 -
2022-09-19 15:18:53,918 INFO     GET  method initiated
2022-09-19 15:18:53,919 WARNING  Item not found!aa
2022-09-19 15:18:53,919 INFO     127.0.0.1 - - [19/Sep/2022 15:18:53] "[33mGET /books/1 HTTP/1.1[0m" 404 -
2022-09-19 15:18:55,762 INFO     GET  method initiated
2022-09-19 15:18:55,762 WARNING  Item not found!aa
2022-09-19 15:18:55,763 INFO     127.0.0.1 - - [19/Sep/2022 15:18:55] "[33mGET /books/1 HTTP/1.1[0m" 404 -
2022-09-19 15:18:59,241 INFO     Host sarted on port:5000
2022-09-19 15:18:59,326 INFO     Host sarted on port:5000
2022-09-19 15:19:02,243 INFO     [31m[1mWARNING: This is a development server. Do not use it in a production deployment. Use a production WSGI server instead.[0m
 * Running on http://127.0.0.1:5000
2022-09-19 15:19:02,243 INFO     [33mPress CTRL+C to quit[0m
2022-09-19 15:19:02,254 INFO      * Restarting with stat
2022-09-19 15:19:03,578 WARNING   * Debugger is active!
2022-09-19 15:19:03,589 INFO      * Debugger PIN: 312-604-948
2022-09-19 15:19:21,606 INFO      * Detected change in 'C:\\Users\\r.sooraj\\Desktop\\Python\\training\\assignment\\book\\book_service.py', reloading
2022-09-19 15:19:21,648 INFO      * Restarting with stat
2022-09-19 15:19:23,022 WARNING   * Debugger is active!
2022-09-19 15:19:23,035 INFO      * Debugger PIN: 312-604-948
2022-09-19 15:19:23,714 INFO     GET  method initiated
2022-09-19 15:19:23,715 WARNING  Item not found!
2022-09-19 15:19:23,715 INFO     127.0.0.1 - - [19/Sep/2022 15:19:23] "[33mGET /books/1 HTTP/1.1[0m" 404 -
2022-09-19 15:19:27,330 INFO      * Detected change in 'C:\\Users\\r.sooraj\\Desktop\\Python\\training\\assignment\\book\\book_service.py', reloading
2022-09-19 15:19:27,382 INFO      * Restarting with stat
2022-09-19 15:19:28,756 WARNING   * Debugger is active!
2022-09-19 15:19:28,769 INFO      * Debugger PIN: 312-604-948
2022-09-19 15:19:57,270 INFO      * Detected change in 'C:\\Users\\r.sooraj\\Desktop\\Python\\training\\assignment\\book\\book_service.py', reloading
2022-09-19 15:19:57,318 INFO      * Restarting with stat
2022-09-19 15:19:58,430 WARNING   * Debugger is active!
2022-09-19 15:19:58,441 INFO      * Debugger PIN: 312-604-948
2022-09-19 15:20:04,752 INFO      * Detected change in 'C:\\Users\\r.sooraj\\Desktop\\Python\\training\\assignment\\book\\book_service.py', reloading
2022-09-19 15:20:04,798 INFO      * Restarting with stat
2022-09-19 15:20:05,900 WARNING   * Debugger is active!
2022-09-19 15:20:05,912 INFO      * Debugger PIN: 312-604-948
2022-09-19 15:20:20,825 INFO      * Detected change in 'C:\\Users\\r.sooraj\\Desktop\\Python\\training\\assignment\\book\\book_service.py', reloading
2022-09-19 15:20:20,865 INFO      * Restarting with stat
2022-09-19 15:20:21,961 WARNING   * Debugger is active!
2022-09-19 15:20:21,971 INFO      * Debugger PIN: 312-604-948
2022-09-19 15:20:35,729 INFO      * Detected change in 'C:\\Users\\r.sooraj\\Desktop\\Python\\training\\assignment\\book\\book_service.py', reloading
2022-09-19 15:20:35,779 INFO      * Restarting with stat
2022-09-19 15:20:36,866 WARNING   * Debugger is active!
2022-09-19 15:20:36,877 INFO      * Debugger PIN: 312-604-948
2022-09-19 15:21:23,288 INFO      * Detected change in 'C:\\Users\\r.sooraj\\Desktop\\Python\\training\\assignment\\book\\book_dao.py', reloading
2022-09-19 15:21:23,331 INFO      * Restarting with stat
2022-09-19 15:21:24,442 WARNING   * Debugger is active!
2022-09-19 15:21:24,483 INFO      * Debugger PIN: 312-604-948
2022-09-19 15:21:49,906 INFO      * Detected change in 'C:\\Users\\r.sooraj\\Desktop\\Python\\training\\assignment\\book\\book_dao.py', reloading
2022-09-19 15:21:49,957 INFO      * Restarting with stat
2022-09-19 15:21:51,181 WARNING   * Debugger is active!
2022-09-19 15:21:51,193 INFO      * Debugger PIN: 312-604-948
2022-09-19 15:22:19,408 INFO     GET  method initiated
2022-09-19 15:22:19,410 WARNING  Item not found!
2022-09-19 15:22:19,410 INFO     127.0.0.1 - - [19/Sep/2022 15:22:19] "[33mGET /books/1 HTTP/1.1[0m" 404 -
2022-09-19 15:22:21,757 INFO     GET  method initiated
2022-09-19 15:22:21,758 WARNING  Item not found!
2022-09-19 15:22:21,759 INFO     127.0.0.1 - - [19/Sep/2022 15:22:21] "[33mGET /books/4 HTTP/1.1[0m" 404 -
2022-09-19 15:22:24,347 INFO     GET  method initiated
2022-09-19 15:22:24,348 INFO     Item returned!
2022-09-19 15:22:24,409 INFO     127.0.0.1 - - [19/Sep/2022 15:22:24] "[35m[1mGET /books/6 HTTP/1.1[0m" 500 -
2022-09-19 15:22:49,116 INFO      * Detected change in 'C:\\Users\\r.sooraj\\Desktop\\Python\\training\\assignment\\book\\book_dao.py', reloading
2022-09-19 15:22:49,158 INFO      * Restarting with stat
2022-09-19 15:22:50,284 WARNING   * Debugger is active!
2022-09-19 15:22:50,296 INFO      * Debugger PIN: 312-604-948
2022-09-19 15:22:51,408 INFO      * Detected change in 'C:\\Users\\r.sooraj\\Desktop\\Python\\training\\assignment\\book\\book_dao.py', reloading
2022-09-19 15:22:51,454 INFO      * Restarting with stat
2022-09-19 15:22:52,549 WARNING   * Debugger is active!
2022-09-19 15:22:52,560 INFO      * Debugger PIN: 312-604-948
2022-09-19 15:22:53,691 INFO      * Detected change in 'C:\\Users\\r.sooraj\\Desktop\\Python\\training\\assignment\\book\\book_dao.py', reloading
2022-09-19 15:22:53,732 INFO      * Restarting with stat
2022-09-19 15:22:54,805 WARNING   * Debugger is active!
2022-09-19 15:22:54,815 INFO      * Debugger PIN: 312-604-948
2022-09-19 15:23:01,007 INFO     GET  method initiated
2022-09-19 15:23:01,008 INFO     Item returned!
2022-09-19 15:23:01,087 INFO     127.0.0.1 - - [19/Sep/2022 15:23:01] "[35m[1mGET /books/6 HTTP/1.1[0m" 500 -
2022-09-19 15:24:25,036 INFO     Host sarted on port:5000
2022-09-19 15:24:25,094 INFO     Host sarted on port:5000
2022-09-19 15:24:27,932 INFO     [31m[1mWARNING: This is a development server. Do not use it in a production deployment. Use a production WSGI server instead.[0m
 * Running on http://127.0.0.1:5000
2022-09-19 15:24:27,932 INFO     [33mPress CTRL+C to quit[0m
2022-09-19 15:24:27,939 INFO      * Restarting with stat
2022-09-19 15:24:28,992 WARNING   * Debugger is active!
2022-09-19 15:24:29,003 INFO      * Debugger PIN: 312-604-948
2022-09-19 15:24:36,381 INFO     GET  method initiated
2022-09-19 15:24:36,382 INFO     Item returned!
2022-09-19 15:24:36,441 INFO     127.0.0.1 - - [19/Sep/2022 15:24:36] "[35m[1mGET /books/6 HTTP/1.1[0m" 500 -
2022-09-19 15:25:28,057 INFO      * Detected change in 'C:\\Users\\r.sooraj\\Desktop\\Python\\training\\assignment\\book\\book_service.py', reloading
2022-09-19 15:25:28,098 INFO      * Restarting with stat
2022-09-19 15:25:29,198 WARNING   * Debugger is active!
2022-09-19 15:25:29,209 INFO      * Debugger PIN: 312-604-948
2022-09-19 15:25:44,052 INFO      * Detected change in 'C:\\Users\\r.sooraj\\Desktop\\Python\\training\\assignment\\book\\book_service.py', reloading
2022-09-19 15:25:44,102 INFO      * Restarting with stat
2022-09-19 15:25:45,171 WARNING   * Debugger is active!
2022-09-19 15:25:45,182 INFO      * Debugger PIN: 312-604-948
2022-09-19 15:25:49,884 INFO     GET  method initiated
2022-09-19 15:25:49,885 INFO     Item returned!
2022-09-19 15:25:49,885 INFO     127.0.0.1 - - [19/Sep/2022 15:25:49] "GET /books/6 HTTP/1.1" 200 -
2022-09-19 15:26:03,225 INFO     GET  method initiated
2022-09-19 15:26:03,226 WARNING  Item not found!
2022-09-19 15:26:03,226 INFO     127.0.0.1 - - [19/Sep/2022 15:26:03] "GET /books/3 HTTP/1.1" 200 -
2022-09-20 10:10:34,272 INFO     127.0.0.1 - - [20/Sep/2022 10:10:34] "[33mGET /favicon.ico HTTP/1.1[0m" 404 -
2022-09-20 13:14:25,844 INFO     Host sarted on port:5000
2022-09-20 13:14:25,927 INFO     Host sarted on port:5000
2022-09-21 11:05:23,543 INFO     [31m[1mWARNING: This is a development server. Do not use it in a production deployment. Use a production WSGI server instead.[0m
 * Running on http://127.0.0.1:5000
2022-09-21 11:05:23,543 INFO     [33mPress CTRL+C to quit[0m
2022-09-21 11:05:23,579 INFO      * Restarting with stat
2022-09-21 11:05:25,211 WARNING   * Debugger is active!
2022-09-21 11:05:25,221 INFO      * Debugger PIN: 312-604-948
2022-09-21 11:13:54,146 INFO     GET method initiated!
2022-09-21 11:13:54,229 INFO     Items returned!
2022-09-21 11:13:54,229 INFO     127.0.0.1 - - [21/Sep/2022 11:13:54] "GET /books HTTP/1.1" 200 -
2022-09-21 11:32:19,070 INFO      * Detected change in 'C:\\Users\\r.sooraj\\Desktop\\Python\\training\\assignment\\book\\book_service.py', reloading
2022-09-21 11:32:19,111 INFO      * Restarting with stat
2022-09-21 11:32:20,657 WARNING   * Debugger is active!
2022-09-21 11:32:20,674 INFO      * Debugger PIN: 312-604-948
2022-09-23 10:00:23,478 INFO      * Detected change in 'C:\\Users\\r.sooraj\\Desktop\\Python\\training\\assignment\\book\\app.py', reloading
2022-09-23 10:00:23,574 INFO      * Restarting with stat
2022-09-23 10:08:16,147 INFO     [31m[1mWARNING: This is a development server. Do not use it in a production deployment. Use a production WSGI server instead.[0m
 * Running on http://127.0.0.1:5000
2022-09-23 10:08:16,147 INFO     [33mPress CTRL+C to quit[0m
2022-09-23 10:08:16,168 INFO      * Restarting with stat
2022-09-23 10:08:17,632 WARNING   * Debugger is active!
2022-09-23 10:08:17,651 INFO      * Debugger PIN: 312-604-948
2022-09-23 10:09:00,146 INFO     127.0.0.1 - - [23/Sep/2022 10:09:00] "[33mGET / HTTP/1.1[0m" 404 -
2022-09-23 10:09:00,261 INFO     127.0.0.1 - - [23/Sep/2022 10:09:00] "[33mGET /favicon.ico HTTP/1.1[0m" 404 -
2022-09-23 10:09:06,804 INFO     127.0.0.1 - - [23/Sep/2022 10:09:06] "[33mGET /Test HTTP/1.1[0m" 404 -
2022-09-23 10:09:11,688 INFO     127.0.0.1 - - [23/Sep/2022 10:09:11] "[33mGET /test/ HTTP/1.1[0m" 404 -
2022-09-23 10:09:21,775 INFO     GET method initiated!
2022-09-23 10:09:21,777 INFO     Items returned!
2022-09-23 10:09:21,777 INFO     127.0.0.1 - - [23/Sep/2022 10:09:21] "GET /books HTTP/1.1" 200 -
2022-09-23 10:09:30,677 INFO     127.0.0.1 - - [23/Sep/2022 10:09:30] "[33mGET /test/ HTTP/1.1[0m" 404 -
2022-09-23 10:09:44,128 INFO      * Detected change in 'C:\\Users\\r.sooraj\\Desktop\\Python\\training\\assignment\\book\\book_service.py', reloading
2022-09-23 10:09:44,183 INFO      * Restarting with stat
2022-09-23 10:09:45,723 WARNING   * Debugger is active!
2022-09-23 10:09:45,737 INFO      * Debugger PIN: 312-604-948
2022-09-23 10:10:03,139 INFO     127.0.0.1 - - [23/Sep/2022 10:10:03] "GET /test HTTP/1.1" 200 -
2022-09-26 10:32:22,928 INFO     Host sarted on port:5000
2022-09-26 10:32:22,977 INFO     Host sarted on port:5000
